Drill Listing
=============
Drill: .01575  Tool: 1  Feed: 95  Speed: 300
X 531692  Y 194586
X 537598  Y 194586
X 531692  Y 200492
X 537598  Y 200492
X 531692  Y 206397
X 537598  Y 206397
Drill: .01969  Tool: 2  Feed: 95  Speed: 300
X 419685  Y 240944
X 411811  Y 248425
X 436220  Y 248425
X 427165  Y 248425
X 419685  Y 255905
X 444094  Y 255905
X 399606  Y 256299
X 409448  Y 258267
X 433858  Y 263779
X 415748  Y 265354
X 428346  Y 280708
X 415748  Y 282677
X 438188  Y 289370
X 415748  Y 289763
X 409448  Y 296850
X 399606  Y 298818
X 428346  Y 301968
X 448031  Y 343700
X 448031  Y 360236
X 427165  Y 361417
X 419291  Y 363385
X 412204  Y 364960
X 448425  Y 449212
X 443307  Y 453937
X 493307  Y 503937
X 496456  Y 497244
X 454330  Y 443307
X 471653  Y 431889
X 462992  Y 417716
X 450393  Y 295669
X 450393  Y 285039
X 465354  Y 281496
X 464173  Y 259055
X 459055  Y 259055
X 453937  Y 259055
X 481496  Y 253149
X 468110  Y 248818
X 464173  Y 232677
X 459055  Y 232677
X 474409  Y 229921
X 498425  Y 176771
X 547244  Y 124409
X 511417  Y 129527
X 511417  Y 139763
X 511417  Y 144881
X 542913  Y 148031
X 526771  Y 155905
X 522440  Y 176771
X 516141  Y 181102
X 523622  Y 187401
X 534645  Y 200393
X 523622  Y 212992
X 507086  Y 233070
X 507086  Y 237401
X 547244  Y 239370
X 531496  Y 449606
X 509448  Y 477952
X 499606  Y 489763
X 548031  Y 490551
X 593700  Y 535039
X 559055  Y 530708
X 585826  Y 527559
X 559448  Y 523622
X 593700  Y 520078
X 559842  Y 515354
X 585826  Y 503149
X 593700  Y 495669
X 564173  Y 495275
X 568110  Y 242125
X 571653  Y 238582
X 561023  Y 230314
X 570078  Y 217322
X 574803  Y 212992
X 574803  Y 205511
X 574803  Y 193700
X 552755  Y 193307
X 574803  Y 174409
X 574803  Y 164173
X 597637  Y 161023
X 574803  Y 153937
X 603149  Y 203543
X 605118  Y 218110
X 622047  Y 225984
X 603937  Y 227165
X 624409  Y 231889
X 634645  Y 231889
X 624409  Y 237007
X 629921  Y 237007
X 648818  Y 237007
X 643700  Y 242125
X 639763  Y 490551
X 623228  Y 495275
X 601574  Y 503149
X 646062  Y 510236
X 601574  Y 527559
X 653149  Y 524015
X 650000  Y 517322
X 693700  Y 465748
X 671259  Y 437007
X 653937  Y 231889
X 659055  Y 226771
X 662992  Y 222834
X 668503  Y 221259
X 671653  Y 216141
X 656692  Y 195669
X 656692  Y 190551
X 696456  Y 182677
X 656692  Y 179921
X 671653  Y 179921
X 690157  Y 172440
X 675984  Y 164960
X 692519  Y 164960
X 681102  Y 160629
X 699212  Y 150000
X 692519  Y 150000
X 706692  Y 128346
X 704330  Y 150000
X 719685  Y 150000
X 709448  Y 150000
X 714566  Y 150000
X 704330  Y 164960
X 711811  Y 170866
X 714960  Y 185039
X 709842  Y 188582
X 706299  Y 198425
X 709842  Y 208267
X 709842  Y 217322
X 709055  Y 237401
X 704330  Y 248031
X 704330  Y 253149
X 704330  Y 258267
X 714960  Y 262992
X 708661  Y 286220
X 714173  Y 292125
X 703149  Y 292125
X 708661  Y 297637
X 724409  Y 417716
X 715748  Y 431889
X 702362  Y 478346
X 709055  Y 483464
X 714173  Y 487795
X 757480  Y 431102
X 750393  Y 429527
X 742519  Y 427165
X 739370  Y 360236
X 739370  Y 343700
X 760236  Y 342519
X 768110  Y 340551
X 740157  Y 297637
X 734645  Y 292125
X 745669  Y 292125
X 740157  Y 286220
X 746850  Y 262992
X 742125  Y 252362
X 731102  Y 252362
X 742125  Y 237401
X 735433  Y 217322
X 738976  Y 188582
X 751181  Y 186614
X 766141  Y 186614
X 748031  Y 133858
X 742125  Y 128346
X 753543  Y 128346
X 748031  Y 122834
X 775196  Y 338976
Drill: .0315  Tool: 3  Feed: 197  Speed: 550
X 593700  Y 179645
X 612598  Y 179645
X 593700  Y 189645
X 612598  Y 189645
Drill: .03543  Tool: 4  Feed: 197  Speed: 550
X 595669  Y 142913
X 615669  Y 142913
X 605669  Y 142913
X 635669  Y 142913
X 625669  Y 142913
X 645669  Y 142913
X 666141  Y 142913
X 696141  Y 142913
X 686141  Y 142913
X 676141  Y 142913
X 716141  Y 142913
X 706141  Y 142913
X 745039  Y 142913
X 735039  Y 142913
X 765039  Y 142913
X 755039  Y 142913
X 775039  Y 142913
X 785039  Y 142913
Drill: .03937  Tool: 5  Feed: 197  Speed: 550
X 490365  Y 123484
X 421833  Y 163051
X 447637  Y 217322 X 447637  Y 208661
X 424803  Y 217322 X 424803  Y 208661
X 431496  Y 232677 X 440157  Y 232677
End of Listing
