Drill Listing
=============
Drill: .01969  Tool: 1  Feed: 95  Speed: 300
X 25984  Y 140944
X 18110  Y 148425
X 33464  Y 148425
X 42519  Y 148425
X 25984  Y 155905
X 50393  Y 155905
X 5905  Y 156299
X 15748  Y 158267
X 40157  Y 163779
X 22047  Y 165354
X 34645  Y 180708
X 22047  Y 182677
X 44488  Y 189370
X 22047  Y 189763
X 15748  Y 196850
X 5905  Y 198818
X 34645  Y 201968
X 54330  Y 243700
X 54330  Y 260236
X 33464  Y 261417
X 25590  Y 263385
X 18503  Y 264960
X 54724  Y 349212
X 49606  Y 353937
X 99606  Y 403937
X 102755  Y 397244
X 60629  Y 343307
X 77952  Y 331889
X 69291  Y 317716
X 56692  Y 195669
X 56692  Y 185039
X 71653  Y 181496
X 60236  Y 159055
X 65354  Y 159055
X 70472  Y 159055
X 87795  Y 153149
X 74409  Y 148818
X 70472  Y 132677
X 65354  Y 132677
X 80708  Y 129921
X 153543  Y 24409
X 117716  Y 29527
X 117716  Y 39763
X 117716  Y 44881
X 149212  Y 48031
X 133070  Y 55905
X 122440  Y 76771
X 128740  Y 76771
X 115354  Y 76771
X 115354  Y 83070
X 140944  Y 100393
X 122440  Y 122047
X 113385  Y 133070
X 113385  Y 137401
X 137795  Y 349606
X 115748  Y 377952
X 105905  Y 389763
X 154330  Y 390551
X 200000  Y 435039
X 165354  Y 430708
X 192125  Y 427559
X 165748  Y 423622
X 200000  Y 420078
X 166141  Y 415354
X 192125  Y 403149
X 200000  Y 395669
X 170472  Y 395275
X 174409  Y 142125
X 177952  Y 138582
X 176377  Y 117322
X 181102  Y 112992
X 181102  Y 107874
X 190551  Y 106299
X 181102  Y 102755
X 181102  Y 92913
X 166535  Y 87795
X 181102  Y 74409
X 181102  Y 64173
X 203937  Y 61023
X 181102  Y 53937
X 209448  Y 103543
X 209448  Y 117322
X 228346  Y 121259
X 228346  Y 126771
X 240944  Y 131889
X 236220  Y 137007
X 255118  Y 137007
X 227165  Y 142125
X 250000  Y 142125
X 246062  Y 390551
X 229527  Y 395275
X 207874  Y 403149
X 252362  Y 410236
X 207874  Y 427559
X 259448  Y 424015
X 256299  Y 417322
X 300000  Y 365748
X 277559  Y 337007
X 261023  Y 131889
X 265748  Y 126771
X 272047  Y 121259
X 277952  Y 121259
X 277952  Y 116141
X 305118  Y 112204
X 305511  Y 96456
X 262992  Y 95669
X 262992  Y 90551
X 262992  Y 79921
X 277952  Y 79921
X 273622  Y 74803
X 282283  Y 64960
X 298818  Y 64960
X 305511  Y 64960
X 287401  Y 60629
X 298818  Y 50000
X 305511  Y 50000
X 318503  Y 28346
X 315748  Y 50000
X 325984  Y 50000
X 310629  Y 50000
X 320866  Y 50000
X 308661  Y 76771
X 318110  Y 76771
X 308661  Y 125590
X 311811  Y 137401
X 307086  Y 148031
X 307086  Y 153149
X 322440  Y 158267
X 307086  Y 158267
X 314960  Y 186220
X 309448  Y 192125
X 320472  Y 192125
X 314960  Y 197637
X 330708  Y 317716
X 322047  Y 331889
X 308661  Y 378346
X 315354  Y 383464
X 320472  Y 387795
X 363779  Y 331102
X 356692  Y 329527
X 348818  Y 327165
X 345669  Y 260236
X 345669  Y 243700
X 366535  Y 242519
X 374409  Y 240551
X 346456  Y 197637
X 340944  Y 192125
X 351968  Y 192125
X 346456  Y 186220
X 346456  Y 158267
X 352755  Y 152362
X 340157  Y 152362
X 352755  Y 137401
X 349606  Y 125590
X 353543  Y 80708
X 365354  Y 77559
X 380314  Y 77559
X 354330  Y 33858
X 348425  Y 28346
X 359842  Y 28346
X 354330  Y 22834
X 381496  Y 238976
Drill: .0315  Tool: 2  Feed: 197  Speed: 550
X 200000  Y 79645
X 218897  Y 79645
X 200000  Y 89645
X 218897  Y 89645
Drill: .03543  Tool: 3  Feed: 197  Speed: 550
X 201968  Y 42913
X 221968  Y 42913
X 211968  Y 42913
X 241968  Y 42913
X 231968  Y 42913
X 251968  Y 42913
X 272440  Y 42913
X 302440  Y 42913
X 292440  Y 42913
X 282440  Y 42913
X 322440  Y 42913
X 312440  Y 42913
X 351338  Y 42913
X 341338  Y 42913
X 371338  Y 42913
X 361338  Y 42913
X 381338  Y 42913
X 391338  Y 42913
Drill: .03937  Tool: 4  Feed: 197  Speed: 550
X 96665  Y 23484
X 28133  Y 63051
X 53937  Y 117322 X 53937  Y 108661
X 31102  Y 117322 X 31102  Y 108661
X 37795  Y 132677 X 46456  Y 132677
Drill: .12205  Tool: 5  Feed: 35  Speed: 794
X 11811  Y 11811
X 119783  Y 205655
X 200000  Y 344594
X 280216  Y 205655
X 387795  Y 11811
End of Listing
