Drill Listing
=============
Drill: .01969  Tool: 1  Feed: 95  Speed: 300
X 419685  Y 240944
X 411811  Y 248425
X 427165  Y 248425
X 436220  Y 248425
X 419685  Y 255905
X 444094  Y 255905
X 399606  Y 256299
X 409448  Y 258267
X 433858  Y 263779
X 415748  Y 265354
X 428346  Y 280708
X 415748  Y 282677
X 438188  Y 289370
X 415748  Y 289763
X 409448  Y 296850
X 399606  Y 298818
X 428346  Y 301968
X 448031  Y 343700
X 448031  Y 360236
X 427165  Y 361417
X 419291  Y 363385
X 412204  Y 364960
X 448425  Y 449212
X 443307  Y 453937
X 493307  Y 503937
X 496456  Y 497244
X 454330  Y 443307
X 471653  Y 431889
X 462992  Y 417716
X 450393  Y 295669
X 450393  Y 285039
X 465354  Y 281496
X 453937  Y 259055
X 459055  Y 259055
X 464173  Y 259055
X 481496  Y 253149
X 468110  Y 248818
X 464173  Y 232677
X 459055  Y 232677
X 474409  Y 229921
X 547244  Y 124409
X 511417  Y 129527
X 511417  Y 139763
X 511417  Y 144881
X 542913  Y 148031
X 526771  Y 155905
X 516141  Y 176771
X 522440  Y 176771
X 509055  Y 176771
X 509055  Y 183070
X 534645  Y 200393
X 516141  Y 222047
X 507086  Y 233070
X 507086  Y 237401
X 531496  Y 449606
X 509448  Y 477952
X 499606  Y 489763
X 548031  Y 490551
X 593700  Y 535039
X 559055  Y 530708
X 585826  Y 527559
X 559448  Y 523622
X 593700  Y 520078
X 559842  Y 515354
X 585826  Y 503149
X 593700  Y 495669
X 564173  Y 495275
X 568110  Y 242125
X 571653  Y 238582
X 570078  Y 217322
X 574803  Y 212992
X 574803  Y 207874
X 584251  Y 206299
X 574803  Y 202755
X 574803  Y 192913
X 560236  Y 187795
X 574803  Y 174409
X 574803  Y 164173
X 597637  Y 161023
X 574803  Y 153937
X 603149  Y 203543
X 603149  Y 217322
X 622047  Y 221259
X 622047  Y 226771
X 634645  Y 231889
X 629921  Y 237007
X 648818  Y 237007
X 620866  Y 242125
X 643700  Y 242125
X 639763  Y 490551
X 623228  Y 495275
X 601574  Y 503149
X 646062  Y 510236
X 601574  Y 527559
X 653149  Y 524015
X 650000  Y 517322
X 693700  Y 465748
X 671259  Y 437007
X 654724  Y 231889
X 659448  Y 226771
X 665748  Y 221259
X 671653  Y 221259
X 671653  Y 216141
X 698818  Y 212204
X 699212  Y 196456
X 656692  Y 195669
X 656692  Y 190551
X 656692  Y 179921
X 671653  Y 179921
X 667322  Y 174803
X 675984  Y 164960
X 692519  Y 164960
X 699212  Y 164960
X 681102  Y 160629
X 692519  Y 150000
X 699212  Y 150000
X 712204  Y 128346
X 709448  Y 150000
X 719685  Y 150000
X 704330  Y 150000
X 714566  Y 150000
X 702362  Y 176771
X 711811  Y 176771
X 702362  Y 225590
X 705511  Y 237401
X 700787  Y 248031
X 700787  Y 253149
X 716141  Y 258267
X 700787  Y 258267
X 708661  Y 286220
X 703149  Y 292125
X 714173  Y 292125
X 708661  Y 297637
X 724409  Y 417716
X 715748  Y 431889
X 702362  Y 478346
X 709055  Y 483464
X 714173  Y 487795
X 757480  Y 431102
X 750393  Y 429527
X 742519  Y 427165
X 739370  Y 360236
X 739370  Y 343700
X 760236  Y 342519
X 768110  Y 340551
X 740157  Y 297637
X 734645  Y 292125
X 745669  Y 292125
X 740157  Y 286220
X 740157  Y 258267
X 746456  Y 252362
X 733858  Y 252362
X 746456  Y 237401
X 743307  Y 225590
X 747244  Y 180708
X 759055  Y 177559
X 774015  Y 177559
X 748031  Y 133858
X 742125  Y 128346
X 753543  Y 128346
X 748031  Y 122834
X 775196  Y 338976
Drill: .0315  Tool: 2  Feed: 197  Speed: 550
X 593700  Y 179645
X 612598  Y 179645
X 593700  Y 189645
X 612598  Y 189645
Drill: .03543  Tool: 3  Feed: 197  Speed: 550
X 595669  Y 142913
X 615669  Y 142913
X 605669  Y 142913
X 635669  Y 142913
X 625669  Y 142913
X 645669  Y 142913
X 666141  Y 142913
X 696141  Y 142913
X 686141  Y 142913
X 676141  Y 142913
X 716141  Y 142913
X 706141  Y 142913
X 745039  Y 142913
X 735039  Y 142913
X 765039  Y 142913
X 755039  Y 142913
X 775039  Y 142913
X 785039  Y 142913
Drill: .03937  Tool: 4  Feed: 197  Speed: 550
X 490365  Y 123484
X 421833  Y 163051
X 447637  Y 217322 X 447637  Y 208661
X 424803  Y 217322 X 424803  Y 208661
X 431496  Y 232677 X 440157  Y 232677
End of Listing
